<?xml version="1.0" encoding="UTF-8"?>
<!-- Generated by org.testng.reporters.JUnitReportReporter -->
<testsuite hostname="Trisha" name="DataDrivenTesting.ExcelUtilityImplementation" tests="2" failures="0" timestamp="29 Jul 2017 07:41:55 GMT" time="27.268" errors="0">
  <testcase name="testUsingExcel" time="21.997" classname="DataDrivenTesting.ExcelUtilityImplementation"/>
  <testcase name="testUsingExcel" time="5.271" classname="DataDrivenTesting.ExcelUtilityImplementation"/>
</testsuite> <!-- DataDrivenTesting.ExcelUtilityImplementation -->
