<?xml version="1.0" encoding="UTF-8"?>
<!-- Generated by org.testng.reporters.JUnitReportReporter -->
<testsuite hostname="Trisha" name="Extent_Library.Test2" tests="1" failures="0" timestamp="18 Jul 2017 08:23:12 GMT" time="0.002" errors="0">
  <testcase name="f" time="0.002" classname="Extent_Library.Test2"/>
</testsuite> <!-- Extent_Library.Test2 -->
