<?xml version="1.0" encoding="UTF-8"?>
<!-- Generated by org.testng.reporters.JUnitReportReporter -->
<testsuite hostname="Trisha" name="Extent_Library.GoogleSearch" tests="1" failures="0" timestamp="29 Jul 2017 07:02:12 GMT" time="1.431" errors="0">
  <testcase name="SignUpLink" time="1.431" classname="Extent_Library.GoogleSearch"/>
</testsuite> <!-- Extent_Library.GoogleSearch -->
